2023-03-03T08:41:47+00:00 CRITICAL Uncaught Error: Call to undefined method PP_database_service::findAll() in /app/wp-content/plugins/plugin-modelisme/PP_List_Club.php:41
Stack trace:
#0 /app/wp-content/plugins/plugin-modelisme/PP_Club.php(74): PP_List_Club->prepare_items()
#1 /app/wp-includes/class-wp-hook.php(308): PP_Club->mes_clubs('')
#2 /app/wp-includes/class-wp-hook.php(332): WP_Hook->apply_filters('', Array)
#3 /app/wp-includes/plugin.php(517): WP_Hook->do_action(Array)
#4 /app/wp-admin/admin.php(259): do_action('toplevel_page_c...')
#5 {main}
  thrown dans /app/wp-content/plugins/plugin-modelisme/PP_List_Club.php à la ligne 41

2023-03-03T09:25:52+00:00 CRITICAL Cannot declare class PP_database_service, because the name is already in use dans /app/wp-content/plugins/plugin-modelisme-adhrent/service/pp_database_service.php à la ligne 3

2023-03-03T09:25:53+00:00 CRITICAL Cannot declare class PP_database_service, because the name is already in use dans /app/wp-content/plugins/plugin-modelisme-adhrent/service/pp_database_service.php à la ligne 3

2023-03-03T09:25:53+00:00 CRITICAL Cannot declare class PP_database_service, because the name is already in use dans /app/wp-content/plugins/plugin-modelisme-adhrent/service/pp_database_service.php à la ligne 3

2023-03-03T09:28:55+00:00 CRITICAL Uncaught Error: Call to undefined method PP_database_service::findAllAdherents() in /app/wp-content/plugins/plugin-modelisme-adhrent/PP_List_Adherent.php:41
Stack trace:
#0 /app/wp-content/plugins/plugin-modelisme-adhrent/PP_Adherent.php(74): PP_List_Adherent->prepare_items()
#1 /app/wp-includes/class-wp-hook.php(308): PP_Adherent->mes_adherents('')
#2 /app/wp-includes/class-wp-hook.php(332): WP_Hook->apply_filters('', Array)
#3 /app/wp-includes/plugin.php(517): WP_Hook->do_action(Array)
#4 /app/wp-admin/admin.php(259): do_action('toplevel_page_a...')
#5 {main}
  thrown dans /app/wp-content/plugins/plugin-modelisme-adhrent/PP_List_Adherent.php à la ligne 41

2023-03-03T09:31:49+00:00 CRITICAL Uncaught Error: Call to undefined method PP_database_service::save_adherent() in /app/wp-content/plugins/plugin-modelisme-adhrent/PP_Adherent.php:60
Stack trace:
#0 /app/wp-includes/class-wp-hook.php(308): PP_Adherent->mes_adherents('')
#1 /app/wp-includes/class-wp-hook.php(332): WP_Hook->apply_filters('', Array)
#2 /app/wp-includes/plugin.php(517): WP_Hook->do_action(Array)
#3 /app/wp-admin/admin.php(259): do_action('adherents-pp_pa...')
#4 {main}
  thrown dans /app/wp-content/plugins/plugin-modelisme-adhrent/PP_Adherent.php à la ligne 60

2023-03-03T13:25:02+00:00 CRITICAL Uncaught Error: Class 'PP_database_service_adherent' not found in /app/wp-content/plugins/plugin-modelisme/PP_Club.php:219
Stack trace:
#0 /app/wp-includes/class-wp-hook.php(308): PP_Club->mes_adherents('')
#1 /app/wp-includes/class-wp-hook.php(332): WP_Hook->apply_filters('', Array)
#2 /app/wp-includes/plugin.php(517): WP_Hook->do_action(Array)
#3 /app/wp-admin/admin.php(259): do_action('toplevel_page_a...')
#4 {main}
  thrown dans /app/wp-content/plugins/plugin-modelisme/PP_Club.php à la ligne 219

2023-03-03T13:25:10+00:00 CRITICAL Uncaught Error: Class 'PP_database_service_championnat' not found in /app/wp-content/plugins/plugin-modelisme/PP_Club.php:319
Stack trace:
#0 /app/wp-includes/class-wp-hook.php(308): PP_Club->mes_championnats('')
#1 /app/wp-includes/class-wp-hook.php(332): WP_Hook->apply_filters('', Array)
#2 /app/wp-includes/plugin.php(517): WP_Hook->do_action(Array)
#3 /app/wp-admin/admin.php(259): do_action('toplevel_page_c...')
#4 {main}
  thrown dans /app/wp-content/plugins/plugin-modelisme/PP_Club.php à la ligne 319

2023-03-03T13:32:20+00:00 CRITICAL Uncaught Error: Class 'PP_database_service_adherent' not found in /app/wp-content/plugins/plugin-modelisme/PP_List_Adherent.php:24
Stack trace:
#0 /app/wp-content/plugins/plugin-modelisme/PP_Club.php(241): PP_List_Adherent->__construct()
#1 /app/wp-includes/class-wp-hook.php(308): PP_Club->mes_adherents('')
#2 /app/wp-includes/class-wp-hook.php(332): WP_Hook->apply_filters('', Array)
#3 /app/wp-includes/plugin.php(517): WP_Hook->do_action(Array)
#4 /app/wp-admin/admin.php(259): do_action('toplevel_page_a...')
#5 {main}
  thrown dans /app/wp-content/plugins/plugin-modelisme/PP_List_Adherent.php à la ligne 24

